<?xml version="1.0" encoding="UTF-8"?>
<!-- Generated by org.testng.reporters.JUnitReportReporter -->
<testsuite hostname="DESKTOP-N8V54R9" name="com.restassuredTests.GET_REQUEST" tests="1" failures="0" timestamp="29 Jun 2019 20:51:13 GMT" time="13.234" errors="0">
  <testcase name="getWheatherDetails" time="13.234" classname="com.restassuredTests.GET_REQUEST"/>
</testsuite> <!-- com.restassuredTests.GET_REQUEST -->
