<?xml version="1.0" encoding="UTF-8"?>
<!-- Generated by org.testng.reporters.JUnitReportReporter -->
<testsuite hostname="DESKTOP-N8V54R9" name="com.restassuredTests.Basic_Validation_JSON" tests="4" failures="0" timestamp="30 Jun 2019 08:35:18 GMT" time="18.366" errors="0">
  <testcase name="statusCode" time="13.469" classname="com.restassuredTests.Basic_Validation_JSON"/>
  <testcase name="SingleContent" time="0.649" classname="com.restassuredTests.Basic_Validation_JSON"/>
  <testcase name="MultipleContent" time="3.524" classname="com.restassuredTests.Basic_Validation_JSON"/>
  <testcase name="Param_And_heade" time="0.724" classname="com.restassuredTests.Basic_Validation_JSON"/>
</testsuite> <!-- com.restassuredTests.Basic_Validation_JSON -->
