<?xml version="1.0" encoding="UTF-8"?>
<!-- Generated by org.testng.reporters.JUnitReportReporter -->
<testsuite hostname="DESKTOP-N8V54R9" name="com.restassuredTests.DELETE_REQUEST" tests="1" failures="0" timestamp="29 Jun 2019 21:37:40 GMT" time="9.214" errors="0">
  <testcase name="deleteEmployeeRecord" time="9.214" classname="com.restassuredTests.DELETE_REQUEST"/>
</testsuite> <!-- com.restassuredTests.DELETE_REQUEST -->
