<?xml version="1.0" encoding="UTF-8"?>
<!-- Generated by org.testng.reporters.JUnitReportReporter -->
<testsuite hostname="DESKTOP-N8V54R9" name="com.restassuredTests.GET_REQUEST" tests="1" failures="0" timestamp="22 Jun 2019 20:13:45 GMT" time="30.784" errors="0">
  <testcase name="getWheatherDetails" time="30.784" classname="com.restassuredTests.GET_REQUEST"/>
</testsuite> <!-- com.restassuredTests.GET_REQUEST -->
