<?xml version="1.0" encoding="UTF-8"?>
<!-- Generated by org.testng.reporters.JUnitReportReporter -->
<testsuite hostname="DESKTOP-N8V54R9" name="com.restassuredTests.PUT_RESUEST" tests="1" failures="0" timestamp="29 Jun 2019 21:02:13 GMT" time="10.855" errors="0">
  <testcase name="putTest" time="10.855" classname="com.restassuredTests.PUT_RESUEST"/>
</testsuite> <!-- com.restassuredTests.PUT_RESUEST -->
